{
  "uid" : "cd22b2c27822a12f",
  "name" : "test_en_check_text[attachment description]",
  "fullName" : "scripts.test_webform_text.TestWebformText#test_en_check_text",
  "historyId" : "fd6b4b8bf51f840400c24c21555580dc",
  "time" : {
    "start" : 1592214268713,
    "stop" : 1592214270916,
    "duration" : 2203
  },
  "status" : "broken",
  "statusMessage" : "selenium.common.exceptions.TimeoutException: Message:",
  "statusTrace" : "self = <test_webform_text.TestWebformText object at 0x000001C715112860>, item = 'attachment description'\n\n    @pytest.mark.parametrize(\"item\", text)\n    def test_en_check_text(self, item):\n>       self.page_en_text.check_text(item + \" en\")\n\nscripts\\test_webform_text.py:63: \n_ _ _ _ _ _ _ _ _ _ _ _ _ _ _ _ _ _ _ _ _ _ _ _ _ _ _ _ _ _ _ _ _ _ _ _ _ _ _ _ _ _ _ _ _ _ _ _ _ _ _ _ _ _ _ _ _\npage\\webform_page_text.py:24: in check_text\n    assert self.get_text(item_position) == item_text\nbase\\base_action.py:35: in get_text\n    text_elemtnt = self.my_find_element(loc)\nbase\\base_action.py:15: in my_find_element\n    return WebDriverWait(self.driver, 2, 0.2).until(lambda x: x.find_element(function_by, element_value))\n_ _ _ _ _ _ _ _ _ _ _ _ _ _ _ _ _ _ _ _ _ _ _ _ _ _ _ _ _ _ _ _ _ _ _ _ _ _ _ _ _ _ _ _ _ _ _ _ _ _ _ _ _ _ _ _ _\n\nself = <selenium.webdriver.support.wait.WebDriverWait (session=\"be09cfb38744d0a465a5dd7f7ffbfdee\")>\nmethod = <function BaseAction.my_find_element.<locals>.<lambda> at 0x000001C71510FD90>, message = ''\n\n    def until(self, method, message=''):\n        \"\"\"Calls the method provided with the driver as an argument until the \\\n        return value is not False.\"\"\"\n        screen = None\n        stacktrace = None\n    \n        end_time = time.time() + self._timeout\n        while True:\n            try:\n                value = method(self._driver)\n                if value:\n                    return value\n            except self._ignored_exceptions as exc:\n                screen = getattr(exc, 'screen', None)\n                stacktrace = getattr(exc, 'stacktrace', None)\n            time.sleep(self._poll)\n            if time.time() > end_time:\n                break\n>       raise TimeoutException(message, screen, stacktrace)\nE       selenium.common.exceptions.TimeoutException: Message:\n\nc:\\users\\cici\\appdata\\local\\programs\\python\\python36\\lib\\site-packages\\selenium\\webdriver\\support\\wait.py:80: TimeoutException",
  "flaky" : true,
  "beforeStages" : [ {
    "name" : "_Class__pytest_setup_class",
    "time" : {
      "start" : 1592214230927,
      "stop" : 1592214248248,
      "duration" : 17321
    },
    "status" : "passed",
    "steps" : [ ],
    "attachments" : [ ],
    "parameters" : [ ],
    "attachmentsCount" : 0,
    "shouldDisplayMessage" : false,
    "stepsCount" : 0,
    "hasContent" : false
  } ],
  "afterStages" : [ {
    "name" : "_Class__pytest_setup_class::0",
    "time" : {
      "start" : 1592214280209,
      "stop" : 1592214286441,
      "duration" : 6232
    },
    "status" : "passed",
    "steps" : [ ],
    "attachments" : [ ],
    "parameters" : [ ],
    "attachmentsCount" : 0,
    "shouldDisplayMessage" : false,
    "stepsCount" : 0,
    "hasContent" : false
  } ],
  "labels" : [ {
    "name" : "parentSuite",
    "value" : "scripts"
  }, {
    "name" : "suite",
    "value" : "test_webform_text"
  }, {
    "name" : "subSuite",
    "value" : "TestWebformText"
  }, {
    "name" : "host",
    "value" : "DESKTOP-4IC57NM"
  }, {
    "name" : "thread",
    "value" : "2828-MainThread"
  }, {
    "name" : "framework",
    "value" : "pytest"
  }, {
    "name" : "language",
    "value" : "cpython3"
  }, {
    "name" : "package",
    "value" : "scripts.test_webform_text"
  }, {
    "name" : "resultFormat",
    "value" : "allure2"
  } ],
  "parameters" : [ {
    "name" : "item",
    "value" : "'attachment description'"
  } ],
  "links" : [ ],
  "hidden" : false,
  "retry" : false,
  "extra" : {
    "severity" : "normal",
    "retries" : [ {
      "uid" : "65d500e4e347caec",
      "status" : "broken",
      "statusDetails" : "selenium.common.exceptions.TimeoutException: Message:",
      "time" : {
        "start" : 1592213987973,
        "stop" : 1592213990134,
        "duration" : 2161
      }
    } ],
    "categories" : [ {
      "name" : "Test defects",
      "matchedStatuses" : [ ],
      "flaky" : false
    } ],
    "tags" : [ ]
  },
  "source" : "cd22b2c27822a12f.json",
  "parameterValues" : [ "'attachment description'" ]
}